This is pdfTeX, Version 3.14159265-2.6-1.40.18 (MiKTeX 2.9.6500 64-bit) (preloaded format=pdflatex 2018.2.5)  19 MAY 2019 16:44
entering extended mode
**./Practical-Bioconductor-Classes.tex
(Practical-Bioconductor-Classes.tex
LaTeX2e <2017-04-15>
Babel <3.15> and hyphenation patterns for 75 language(s) loaded.
("C:\Program Files\MiKTeX 2.9\tex\latex\base\article.cls"
Document Class: article 2014/09/29 v1.4h Standard LaTeX document class
("C:\Program Files\MiKTeX 2.9\tex\latex\base\size10.clo"
File: size10.clo 2014/09/29 v1.4h Standard LaTeX file (size option)
)
\c@part=\count79
\c@section=\count80
\c@subsection=\count81
\c@subsubsection=\count82
\c@paragraph=\count83
\c@subparagraph=\count84
\c@figure=\count85
\c@table=\count86
\abovecaptionskip=\skip41
\belowcaptionskip=\skip42
\bibindent=\dimen102
)
("C:\Program Files\MiKTeX 2.9\tex\latex\graphics\graphicx.sty"
Package: graphicx 2017/06/01 v1.1a Enhanced LaTeX Graphics (DPC,SPQR)

("C:\Program Files\MiKTeX 2.9\tex\latex\graphics\keyval.sty"
Package: keyval 2014/10/28 v1.15 key=value parser (DPC)
\KV@toks@=\toks14
)
("C:\Program Files\MiKTeX 2.9\tex\latex\graphics\graphics.sty"
Package: graphics 2017/06/25 v1.2c Standard LaTeX Graphics (DPC,SPQR)

("C:\Program Files\MiKTeX 2.9\tex\latex\graphics\trig.sty"
Package: trig 2016/01/03 v1.10 sin cos tan (DPC)
)
("C:\Program Files\MiKTeX 2.9\tex\latex\graphics-cfg\graphics.cfg"
File: graphics.cfg 2016/06/04 v1.11 sample graphics configuration
)
Package graphics Info: Driver file: pdftex.def on input line 99.

("C:\Program Files\MiKTeX 2.9\tex\latex\graphics-def\pdftex.def"
File: pdftex.def 2017/06/24 v1.0g Graphics/color driver for pdftex
))
\Gin@req@height=\dimen103
\Gin@req@width=\dimen104
)
("C:\Program Files\MiKTeX 2.9\tex\latex\graphics\color.sty"
Package: color 2016/07/10 v1.1e Standard LaTeX Color (DPC)

("C:\Program Files\MiKTeX 2.9\tex\latex\graphics-cfg\color.cfg"
File: color.cfg 2016/01/02 v1.6 sample color configuration
)
Package color Info: Driver file: pdftex.def on input line 147.
)
(C:\Users\asanc\AppData\Roaming\MiKTeX\2.9\tex\latex\framed\framed.sty
Package: framed 2011/10/22 v 0.96: framed or shaded text with page breaks
\OuterFrameSep=\skip43
\fb@frw=\dimen105
\fb@frh=\dimen106
\FrameRule=\dimen107
\FrameSep=\dimen108
)
("C:\Program Files\MiKTeX 2.9\tex\latex\base\alltt.sty"
Package: alltt 1997/06/16 v2.0g defines alltt environment
)
("C:\Program Files\MiKTeX 2.9\tex\latex\hyperref\hyperref.sty"
Package: hyperref 2017/03/14 v6.85a Hypertext links for LaTeX

("C:\Program Files\MiKTeX 2.9\tex\generic\oberdiek\hobsub-hyperref.sty"
Package: hobsub-hyperref 2016/05/16 v1.14 Bundle oberdiek, subset hyperref (HO)


("C:\Program Files\MiKTeX 2.9\tex\generic\oberdiek\hobsub-generic.sty"
Package: hobsub-generic 2016/05/16 v1.14 Bundle oberdiek, subset generic (HO)
Package: hobsub 2016/05/16 v1.14 Construct package bundles (HO)
Package: infwarerr 2016/05/16 v1.4 Providing info/warning/error messages (HO)
Package: ltxcmds 2016/05/16 v1.23 LaTeX kernel commands for general use (HO)
Package: ifluatex 2016/05/16 v1.4 Provides the ifluatex switch (HO)
Package ifluatex Info: LuaTeX not detected.
Package: ifvtex 2016/05/16 v1.6 Detect VTeX and its facilities (HO)
Package ifvtex Info: VTeX not detected.
Package: intcalc 2016/05/16 v1.2 Expandable calculations with integers (HO)
Package: ifpdf 2017/03/15 v3.2 Provides the ifpdf switch
Package: etexcmds 2016/05/16 v1.6 Avoid name clashes with e-TeX commands (HO)
Package etexcmds Info: Could not find \expanded.
(etexcmds)             That can mean that you are not using pdfTeX 1.50 or
(etexcmds)             that some package has redefined \expanded.
(etexcmds)             In the latter case, load this package earlier.
Package: kvsetkeys 2016/05/16 v1.17 Key value parser (HO)
Package: kvdefinekeys 2016/05/16 v1.4 Define keys (HO)
Package: pdftexcmds 2017/03/19 v0.25 Utility functions of pdfTeX for LuaTeX (HO
)
Package pdftexcmds Info: LuaTeX not detected.
Package pdftexcmds Info: \pdf@primitive is available.
Package pdftexcmds Info: \pdf@ifprimitive is available.
Package pdftexcmds Info: \pdfdraftmode found.
Package: pdfescape 2016/05/16 v1.14 Implements pdfTeX's escape features (HO)
Package: bigintcalc 2016/05/16 v1.4 Expandable calculations on big integers (HO
)
Package: bitset 2016/05/16 v1.2 Handle bit-vector datatype (HO)
Package: uniquecounter 2016/05/16 v1.3 Provide unlimited unique counter (HO)
)
Package hobsub Info: Skipping package `hobsub' (already loaded).
Package: letltxmacro 2016/05/16 v1.5 Let assignment for LaTeX macros (HO)
Package: hopatch 2016/05/16 v1.3 Wrapper for package hooks (HO)
Package: xcolor-patch 2016/05/16 xcolor patch
Package: atveryend 2016/05/16 v1.9 Hooks at the very end of document (HO)
Package atveryend Info: \enddocument detected (standard20110627).
Package: atbegshi 2016/06/09 v1.18 At begin shipout hook (HO)
Package: refcount 2016/05/16 v3.5 Data extraction from label references (HO)
Package: hycolor 2016/05/16 v1.8 Color options for hyperref/bookmark (HO)
)
("C:\Program Files\MiKTeX 2.9\tex\generic\ifxetex\ifxetex.sty"
Package: ifxetex 2010/09/12 v0.6 Provides ifxetex conditional
)
("C:\Program Files\MiKTeX 2.9\tex\latex\oberdiek\auxhook.sty"
Package: auxhook 2016/05/16 v1.4 Hooks for auxiliary files (HO)
)
("C:\Program Files\MiKTeX 2.9\tex\latex\oberdiek\kvoptions.sty"
Package: kvoptions 2016/05/16 v3.12 Key value format for package options (HO)
)
\@linkdim=\dimen109
\Hy@linkcounter=\count87
\Hy@pagecounter=\count88

("C:\Program Files\MiKTeX 2.9\tex\latex\hyperref\pd1enc.def"
File: pd1enc.def 2017/03/14 v6.85a Hyperref: PDFDocEncoding definition (HO)
)
\Hy@SavedSpaceFactor=\count89

("C:\Program Files\MiKTeX 2.9\tex\latex\00miktex\hyperref.cfg"
File: hyperref.cfg 2002/06/06 v1.2 hyperref configuration of TeXLive
)
Package hyperref Info: Hyper figures OFF on input line 4498.
Package hyperref Info: Link nesting OFF on input line 4503.
Package hyperref Info: Hyper index ON on input line 4506.
Package hyperref Info: Plain pages OFF on input line 4513.
Package hyperref Info: Backreferencing OFF on input line 4518.
Package hyperref Info: Implicit mode ON; LaTeX internals redefined.
Package hyperref Info: Bookmarks ON on input line 4751.
\c@Hy@tempcnt=\count90

(C:\Users\asanc\AppData\Roaming\MiKTeX\2.9\tex\latex\url\url.sty
\Urlmuskip=\muskip10
Package: url 2013/09/16  ver 3.4  Verb mode for urls, etc.
)
LaTeX Info: Redefining \url on input line 5104.
\XeTeXLinkMargin=\dimen110
\Fld@menulength=\count91
\Field@Width=\dimen111
\Fld@charsize=\dimen112
Package hyperref Info: Hyper figures OFF on input line 6358.
Package hyperref Info: Link nesting OFF on input line 6363.
Package hyperref Info: Hyper index ON on input line 6366.
Package hyperref Info: backreferencing OFF on input line 6373.
Package hyperref Info: Link coloring OFF on input line 6378.
Package hyperref Info: Link coloring with OCG OFF on input line 6383.
Package hyperref Info: PDF/A mode OFF on input line 6388.
LaTeX Info: Redefining \ref on input line 6428.
LaTeX Info: Redefining \pageref on input line 6432.
\Hy@abspage=\count92
\c@Item=\count93
\c@Hfootnote=\count94
)

Package hyperref Message: Driver (autodetected): hpdftex.

("C:\Program Files\MiKTeX 2.9\tex\latex\hyperref\hpdftex.def"
File: hpdftex.def 2017/03/14 v6.85a Hyperref driver for pdfTeX
\Fld@listcount=\count95
\c@bookmark@seq@number=\count96

("C:\Program Files\MiKTeX 2.9\tex\latex\oberdiek\rerunfilecheck.sty"
Package: rerunfilecheck 2016/05/16 v1.8 Rerun checks for auxiliary files (HO)
Package uniquecounter Info: New unique counter `rerunfilecheck' on input line 2
82.
)
\Hy@SectionHShift=\skip44
)
(C:\Users\asanc\AppData\Roaming\MiKTeX\2.9\tex\latex\underscore\underscore.sty
Package: underscore 2006/09/13
LaTeX Info: Redefining \_ on input line 42.
) (C:\Users\asanc\AppData\Roaming\MiKTeX\2.9\tex\latex\upquote\upquote.sty
Package: upquote 2012/04/19 v1.3 upright-quote and grave-accent glyphs in verba
tim
)
(Practical-Bioconductor-Classes.aux)
\openout1 = `Practical-Bioconductor-Classes.aux'.

LaTeX Font Info:    Checking defaults for OML/cmm/m/it on input line 78.
LaTeX Font Info:    ... okay on input line 78.
LaTeX Font Info:    Checking defaults for T1/cmr/m/n on input line 78.
LaTeX Font Info:    ... okay on input line 78.
LaTeX Font Info:    Checking defaults for OT1/cmr/m/n on input line 78.
LaTeX Font Info:    ... okay on input line 78.
LaTeX Font Info:    Checking defaults for OMS/cmsy/m/n on input line 78.
LaTeX Font Info:    ... okay on input line 78.
LaTeX Font Info:    Checking defaults for OMX/cmex/m/n on input line 78.
LaTeX Font Info:    ... okay on input line 78.
LaTeX Font Info:    Checking defaults for U/cmr/m/n on input line 78.
LaTeX Font Info:    ... okay on input line 78.
LaTeX Font Info:    Checking defaults for PD1/pdf/m/n on input line 78.
LaTeX Font Info:    ... okay on input line 78.

(C:\Users\asanc\AppData\Roaming\MiKTeX\2.9\tex\context\base\supp-pdf.mkii
[Loading MPS to PDF converter (version 2006.09.02).]
\scratchcounter=\count97
\scratchdimen=\dimen113
\scratchbox=\box26
\nofMPsegments=\count98
\nofMParguments=\count99
\everyMPshowfont=\toks15
\MPscratchCnt=\count100
\MPscratchDim=\dimen114
\MPnumerator=\count101
\makeMPintoPDFobject=\count102
\everyMPtoPDFconversion=\toks16
) ("C:\Program Files\MiKTeX 2.9\tex\latex\oberdiek\epstopdf-base.sty"
Package: epstopdf-base 2016/05/15 v2.6 Base part for package epstopdf

("C:\Program Files\MiKTeX 2.9\tex\latex\oberdiek\grfext.sty"
Package: grfext 2016/05/16 v1.2 Manage graphics extensions (HO)
)
Package epstopdf-base Info: Redefining graphics rule for `.eps' on input line 4
38.
Package grfext Info: Graphics extension search list:
(grfext)             [.pdf,.png,.jpg,.mps,.jpeg,.jbig2,.jb2,.PDF,.PNG,.JPG,.JPE
G,.JBIG2,.JB2,.eps]
(grfext)             \AppendGraphicsExtensions on input line 456.
)
\AtBeginShipoutBox=\box27
Package hyperref Info: Link coloring OFF on input line 78.

("C:\Program Files\MiKTeX 2.9\tex\latex\hyperref\nameref.sty"
Package: nameref 2016/05/21 v2.44 Cross-referencing by name of section

("C:\Program Files\MiKTeX 2.9\tex\generic\oberdiek\gettitlestring.sty"
Package: gettitlestring 2016/05/16 v1.5 Cleanup title references (HO)
)
\c@section@level=\count103
)
LaTeX Info: Redefining \ref on input line 78.
LaTeX Info: Redefining \pageref on input line 78.
LaTeX Info: Redefining \nameref on input line 78.

(Practical-Bioconductor-Classes.out) (Practical-Bioconductor-Classes.out)
\@outlinefile=\write3
\openout3 = `Practical-Bioconductor-Classes.out'.

LaTeX Font Info:    External font `cmex10' loaded for size
(Font)              <12> on input line 81.
LaTeX Font Info:    External font `cmex10' loaded for size
(Font)              <8> on input line 81.
LaTeX Font Info:    External font `cmex10' loaded for size
(Font)              <6> on input line 81.

(Practical-Bioconductor-Classes.toc
LaTeX Font Info:    External font `cmex10' loaded for size
(Font)              <7> on input line 2.
LaTeX Font Info:    External font `cmex10' loaded for size
(Font)              <5> on input line 2.
LaTeX Font Info:    Font shape `OT1/cmtt/bx/n' in size <10> not available
(Font)              Font shape `OT1/cmtt/m/n' tried instead on input line 16.
)
\tf@toc=\write4
\openout4 = `Practical-Bioconductor-Classes.toc'.

 [1

{C:/Users/asanc/AppData/Local/MiKTeX/2.9/pdftex/config/pdftex.map}]
Overfull \hbox (4.38841pt too wide) in paragraph at lines 101--102
[]\OT1/cmr/m/n/10 Additional in-for-ma-tion about the study,
 []

Package color Info: Redefining color shadecolor on input line 105.

Overfull \hbox (53.99652pt too wide) in paragraph at lines 126--126
[]\OT1/cmtt/m/n/10 ##          sample1     sample2     sample3    sample4    sa
mple5    sample6[] 
 []


Overfull \hbox (53.99652pt too wide) in paragraph at lines 126--126
[]\OT1/cmtt/m/n/10 ## [1,]  0.34369662  0.78823091 -1.44177165 -0.7266339 0.392
70155 -0.5717577[] 
 []


Overfull \hbox (53.99652pt too wide) in paragraph at lines 126--126
[]\OT1/cmtt/m/n/10 ## [2,]  0.08211110  0.20145515 -0.17826983 -0.1991470 0.048
98769  0.3044198[] 
 []


Overfull \hbox (53.99652pt too wide) in paragraph at lines 126--126
[]\OT1/cmtt/m/n/10 ## [3,]  1.26830733  0.85615633 -0.31455846 -1.1569649 0.261
11225  0.3779398[] 
 []


Overfull \hbox (53.99652pt too wide) in paragraph at lines 126--126
[]\OT1/cmtt/m/n/10 ## [4,] -1.18745479 -0.06958821  0.97127133 -0.1442893 2.544
21016  0.7096269[] 
 []


Overfull \hbox (53.99652pt too wide) in paragraph at lines 126--126
[]\OT1/cmtt/m/n/10 ## [5,]  0.09012818  2.80657915  1.33035629 -0.2506080 1.015
65316  0.5385987[] 
 []


Overfull \hbox (53.99652pt too wide) in paragraph at lines 126--126
[]\OT1/cmtt/m/n/10 ## [6,] -1.36883880 -0.09024312 -0.02837428  1.6989627 0.974
07279  0.7977909[] 
 []

Package color Info: Redefining color shadecolor on input line 131.

Overfull \hbox (615.74162pt too wide) in paragraph at lines 133--133
[][]\OT1/cmtt/m/n/10 targets[] []<-[] []data.frame[][]([][]sampleNames[] []=[] 
[]paste0[][]([][]"sample"[][],[][]1[][]:[][]10[][]),[] []group[][]=[][]c[][]([]
[]paste0[][]([][]"CTL"[][],[][]1[][]:[][]5[][]),[][]paste0[][]([][]"TR"[][],[][
]1[][]:[][]5[][])),[][]age[] []=[] []rpois[][]([][]10[][],[] []30[][]),[] []sex
[][]=[][]as.factor[][]([][]sample[][]([][]c[][]([][]"Male"[][],[] []"Female"[][
]),[][]10[][],[][]replace[][]=[][]TRUE[][])))[][] 
 []

[2]
Package color Info: Redefining color shadecolor on input line 153.
Package color Info: Redefining color shadecolor on input line 161.

Overfull \hbox (116.99597pt too wide) in paragraph at lines 164--164
[]          []\OT1/cmtt/m/n/10 myContact[][]=[][]"alex@somemail.com"[][],[] []m
yTitle[][]=[][]"Practical Exercise on ExpressionSets"[][])[][] 
 []

Package color Info: Redefining color shadecolor on input line 189.
<figure/unnamed-chunk-2-1.pdf, id=105, pagebox=cropbox, 505.89pt x 505.89pt>
File: figure/unnamed-chunk-2-1.pdf Graphic file (type pdf)
<use figure/unnamed-chunk-2-1.pdf>
Package pdftex.def Info: figure/unnamed-chunk-2-1.pdf  used on input line 201. 
on input line 201.
Package pdftex.def Info: Requested size: 345.0pt x 345.00414pt on input line 20
1.

Overfull \hbox (15.0pt too wide) in paragraph at lines 201--202
[][] 
 []

[3]
Overfull \hbox (263.99469pt too wide) in paragraph at lines 203--203
[][]\OT1/cmtt/m/n/10 plot[][](pcs[][]$[][]rotation[,[][]1[][]], pcs[][]$[][]rot
ation[,[][]2[][]],[] []col[][]=targets[][]$[][]group,[] []main[][]=[][]"Represe
ntation of first two principal components"[][])[][] 
 []

<figure/unnamed-chunk-2-2.pdf, id=111, pagebox=cropbox, 505.89pt x 505.89pt>
File: figure/unnamed-chunk-2-2.pdf Graphic file (type pdf)
<use figure/unnamed-chunk-2-2.pdf>
Package pdftex.def Info: figure/unnamed-chunk-2-2.pdf  used on input line 207. 
on input line 207.
Package pdftex.def Info: Requested size: 345.0pt x 345.00414pt on input line 20
7.

Overfull \hbox (15.0pt too wide) in paragraph at lines 207--208
[][] 
 []

[4 <./figure/unnamed-chunk-2-1.pdf>]
Package color Info: Redefining color shadecolor on input line 214.
Package color Info: Redefining color shadecolor on input line 235.
 [5 <./figure/unnamed-chunk-2-2.pdf>]
LaTeX Font Info:    Try loading font information for OMS+cmr on input line 253.


("C:\Program Files\MiKTeX 2.9\tex\latex\base\omscmr.fd"
File: omscmr.fd 2014/09/29 v2.5h Standard LaTeX font definitions
)
LaTeX Font Info:    Font shape `OMS/cmr/m/n' in size <10> not available
(Font)              Font shape `OMS/cmsy/m/n' tried instead on input line 253.
Package color Info: Redefining color shadecolor on input line 270.
<"ExpressionSet".png, id=133, 651.43375pt x 346.29375pt>
File: "ExpressionSet".png Graphic file (type png)
<use "ExpressionSet".png>
Package pdftex.def Info: "ExpressionSet".png  used on input line 280. on input 
line 280.
Package pdftex.def Info: Requested size: 345.0pt x 183.40271pt on input line 28
0.
 [6]
Overfull \hbox (27.1388pt too wide) in paragraph at lines 298--299
\OT1/cmr/m/n/10 The main el-e-ment, and in-deed the only one to be pro-vided to
 cre-ate an \OT1/cmtt/m/n/10 ExpressionSet\OT1/cmr/m/n/10 ,
 []

Package color Info: Redefining color shadecolor on input line 302.
! Undefined control sequence.
<argument> ...eData: none## experimentData: use '
                                                  experimentData(object)'##...
l.324 \end{verbatim}
                    
The control sequence at the end of the top line
of your error message was never \def'ed. If you have
misspelled it (e.g., `\hobx'), type `I' and the correct
spelling (e.g., `I\hbox'). Otherwise just continue,
and I'll forget about whatever was undefined.

! Undefined control sequence.
<argument> ...ntData: use 'experimentData(object)'
                                                  ## Annotation:
l.324 \end{verbatim}
                    
The control sequence at the end of the top line
of your error message was never \def'ed. If you have
misspelled it (e.g., `\hobx'), type `I' and the correct
spelling (e.g., `I\hbox'). Otherwise just continue,
and I'll forget about whatever was undefined.

[7 <./ExpressionSet.png>]
Overfull \hbox (53.33305pt too wide) in paragraph at lines 335--336
[]\OT1/cmr/m/n/10 The in-for-ma-tion about co-vari-ates, con-tained in an in-st
ance of class \OT1/cmtt/m/n/10 AnnotatedDataFrame\OT1/cmr/m/n/10 ,
 []

Package color Info: Redefining color shadecolor on input line 338.

Overfull \hbox (379.49368pt too wide) in paragraph at lines 340--340
[][]\OT1/cmtt/m/n/10 columnDesc[] []<-[]  []data.frame[][]([][]labelDescription
[][]=[] []c[][]([][]"Sample Names"[][],[] []"Treatment/Control"[][],[] []"Age a
t disease onset"[][],[] []"Sex of patient (Male/Female"[][]))[][] 
 []


Overfull \hbox (59.24648pt too wide) in paragraph at lines 341--341
[][]\OT1/cmtt/m/n/10 myAnnotDF[] []<-[] []new[][]([][]"AnnotatedDataFrame"[][],
[] []data[][]=targets,[] []varMetadata[][]= columnDesc)[][] 
 []

! Undefined control sequence.
<argument> ## An object of class '
                                   AnnotatedDataFrame'##   rowNames: 1 2 .....
l.349 \end{verbatim}
                    
The control sequence at the end of the top line
of your error message was never \def'ed. If you have
misspelled it (e.g., `\hobx'), type `I' and the correct
spelling (e.g., `I\hbox'). Otherwise just continue,
and I'll forget about whatever was undefined.

! Undefined control sequence.
<argument> ...object of class 'AnnotatedDataFrame'
                                                  ##   rowNames: 1 2 ... 10...
l.349 \end{verbatim}
                    
The control sequence at the end of the top line
of your error message was never \def'ed. If you have
misspelled it (e.g., `\hobx'), type `I' and the correct
spelling (e.g., `I\hbox'). Otherwise just continue,
and I'll forget about whatever was undefined.

Package color Info: Redefining color shadecolor on input line 356.
Package color Info: Redefining color shadecolor on input line 366.

Overfull \hbox (45.23273pt too wide) in paragraph at lines 368--368
[][]\OT1/cmtt/m/it/10 # myEset <- ExpressionSet(assayData=expressionValues, phe
noData=myAnnotDF)[][] 
 []


Overfull \hbox (144.98186pt too wide) in paragraph at lines 370--370
[][]\OT1/cmtt/m/it/10 #   invalid class ExpressionSet object: 1: sampleNames di
ffer between assayData and phenoData[][] 
 []


Overfull \hbox (150.23181pt too wide) in paragraph at lines 371--371
[][]\OT1/cmtt/m/it/10 # invalid class ExpressionSet object: 2: sampleNames diff
er between phenoData and protocolData[][] 
 []

Package color Info: Redefining color shadecolor on input line 378.

Overfull \hbox (32.9967pt too wide) in paragraph at lines 381--381
[][]\OT1/cmtt/m/n/10 myEset[] []<-[] []ExpressionSet[][]([][]assayData[][]=expr
essionValues,[] []phenoData[][]=myAnnotDF)[][] 
 []

! Undefined control sequence.
<argument> ...eData: none## experimentData: use '
                                                  experimentData(object)'##...
l.396 \end{verbatim}
                    
The control sequence at the end of the top line
of your error message was never \def'ed. If you have
misspelled it (e.g., `\hobx'), type `I' and the correct
spelling (e.g., `I\hbox'). Otherwise just continue,
and I'll forget about whatever was undefined.

! Undefined control sequence.
<argument> ...ntData: use 'experimentData(object)'
                                                  ## Annotation:
l.396 \end{verbatim}
                    
The control sequence at the end of the top line
of your error message was never \def'ed. If you have
misspelled it (e.g., `\hobx'), type `I' and the correct
spelling (e.g., `I\hbox'). Otherwise just continue,
and I'll forget about whatever was undefined.

[8]
Package color Info: Redefining color shadecolor on input line 410.
Package color Info: Redefining color shadecolor on input line 428.
 [9]
Package color Info: Redefining color shadecolor on input line 452.

Overfull \hbox (1.2221pt too wide) in paragraph at lines 468--469
[]\OT1/cmr/m/n/10 The fol-low-ing lines il-lus-trate some man-age-ment of data 
in an \OT1/cmtt/m/n/10 ExpressionSet\OT1/cmr/m/n/10 . 
 []


Overfull \hbox (0.7778pt too wide) in paragraph at lines 474--475
[]\OT1/cmr/m/n/10 Notice also that, in or-der to ac-cess the data frame con-tai
ned in the \OT1/cmtt/m/n/10 phenoData
 []

Package color Info: Redefining color shadecolor on input line 477.
[10]
Overfull \hbox (7.5764pt too wide) in paragraph at lines 527--528
 []\OT1/cmr/bx/n/10 Subsetting \OT1/cmtt/m/n/10 ExpressionSet[] \OT1/cmr/m/n/10
 This is where the in-ter-est of us-ing \OT1/cmtt/m/n/10 ExpressionSets
 []

Package color Info: Redefining color shadecolor on input line 533.
Package color Info: Redefining color shadecolor on input line 571.
[11]
Overfull \hbox (21.72197pt too wide) in paragraph at lines 595--596
[]\OT1/cmr/m/n/10 Proceed as above and cre-ate first the pieces needed to cre-a
te the \OT1/cmtt/m/n/10 ExpressionSet
 []

LaTeX Font Info:    Font shape `OT1/cmtt/bx/n' in size <14.4> not available
(Font)              Font shape `OT1/cmtt/m/n' tried instead on input line 601.
[12]
Package color Info: Redefining color shadecolor on input line 616.
LaTeX Font Info:    Try loading font information for OMS+cmtt on input line 618
.
 (C:/PROGRA~1/R/R-36~1.0/share/texmf/tex/latex\omscmtt.fd
File: omscmtt.fd 
)
LaTeX Font Info:    Font shape `OMS/cmtt/m/n' in size <10> not available
(Font)              Font shape `OMS/cmsy/m/n' tried instead on input line 618.

Overfull \hbox (11.99689pt too wide) in paragraph at lines 653--653
[]\OT1/cmtt/m/n/10 ##   featureNames: AAAAAAAAAA AAAAAAAAAC ... TTTTTGTGAA (770
0 total)[] 
 []

! Undefined control sequence.
<argument> ...Description## experimentData: use '
                                                  experimentData(object)'##...
l.653 \end{verbatim}
                    
The control sequence at the end of the top line
of your error message was never \def'ed. If you have
misspelled it (e.g., `\hobx'), type `I' and the correct
spelling (e.g., `I\hbox'). Otherwise just continue,
and I'll forget about whatever was undefined.

! Undefined control sequence.
<argument> ...ntData: use 'experimentData(object)'
                                                  ##   pubMedIds: 11850811...
l.653 \end{verbatim}
                    
The control sequence at the end of the top line
of your error message was never \def'ed. If you have
misspelled it (e.g., `\hobx'), type `I' and the correct
spelling (e.g., `I\hbox'). Otherwise just continue,
and I'll forget about whatever was undefined.


! LaTeX Error: Bad math environment delimiter.

See the LaTeX manual or LaTeX Companion for explanation.
Type  H <return>  for immediate help.
 ...                                              
                                                  
l.665 ...so you need to access to it using the $\[
                                                  \[\]\]$ operator.
Your command was ignored.
Type  I <command> <return>  to replace it with another command,
or  <return>  to continue without it.


! LaTeX Error: Bad math environment delimiter.

See the LaTeX manual or LaTeX Companion for explanation.
Type  H <return>  for immediate help.
 ...                                              
                                                  
l.665 ... you need to access to it using the $\[\[
                                                  \]\]$ operator.
Your command was ignored.
Type  I <command> <return>  to replace it with another command,
or  <return>  to continue without it.


! LaTeX Error: Bad math environment delimiter.

See the LaTeX manual or LaTeX Companion for explanation.
Type  H <return>  for immediate help.
 ...                                              
                                                  
l.665 ...ou need to access to it using the $\[\[\]
                                                  \]$ operator.
Your command was ignored.
Type  I <command> <return>  to replace it with another command,
or  <return>  to continue without it.


! LaTeX Error: Bad math environment delimiter.

See the LaTeX manual or LaTeX Companion for explanation.
Type  H <return>  for immediate help.
 ...                                              
                                                  
l.665 ... need to access to it using the $\[\[\]\]
                                                  $ operator.
Your command was ignored.
Type  I <command> <return>  to replace it with another command,
or  <return>  to continue without it.

[13]
Package atveryend Info: Empty hook `BeforeClearDocument' on input line 670.
 [14]
Package atveryend Info: Empty hook `AfterLastShipout' on input line 670.
 (Practical-Bioconductor-Classes.aux)
Package atveryend Info: Executing hook `AtVeryEndDocument' on input line 670.
Package atveryend Info: Executing hook `AtEndAfterFileList' on input line 670.
Package rerunfilecheck Info: File `Practical-Bioconductor-Classes.out' has not 
changed.
(rerunfilecheck)             Checksum: 4AC397D846429EACEB853220CACE9D87;1298.
Package atveryend Info: Empty hook `AtVeryVeryEnd' on input line 670.
 ) 
Here is how much of TeX's memory you used:
 5295 strings out of 493312
 79941 string characters out of 3138900
 164684 words of memory out of 3000000
 8753 multiletter control sequences out of 15000+200000
 8915 words of font info for 33 fonts, out of 3000000 for 9000
 1141 hyphenation exceptions out of 8191
 28i,6n,28p,719b,403s stack positions out of 5000i,500n,10000p,200000b,50000s
<C:/Program Files/MiKTeX 2.9/fonts/type1/public/amsfonts/cm/cmbx10.pfb><C:/Pr
ogram Files/MiKTeX 2.9/fonts/type1/public/amsfonts/cm/cmbx12.pfb><C:/Program Fi
les/MiKTeX 2.9/fonts/type1/public/amsfonts/cm/cmitt10.pfb><C:/Program Files/MiK
TeX 2.9/fonts/type1/public/amsfonts/cm/cmr10.pfb><C:/Program Files/MiKTeX 2.9/f
onts/type1/public/amsfonts/cm/cmr12.pfb><C:/Program Files/MiKTeX 2.9/fonts/type
1/public/amsfonts/cm/cmr17.pfb><C:/Program Files/MiKTeX 2.9/fonts/type1/public/
amsfonts/cm/cmsy10.pfb><C:/Program Files/MiKTeX 2.9/fonts/type1/public/amsfonts
/cm/cmti10.pfb><C:/Program Files/MiKTeX 2.9/fonts/type1/public/amsfonts/cm/cmtt
10.pfb><C:/Program Files/MiKTeX 2.9/fonts/type1/public/amsfonts/cm/cmtt12.pfb>
Output written on Practical-Bioconductor-Classes.pdf (14 pages, 218840 bytes).
PDF statistics:
 232 PDF objects out of 1000 (max. 8388607)
 44 named destinations out of 1000 (max. 500000)
 152 words of extra memory for PDF output out of 10000 (max. 10000000)

